[2021-03-26 08:51:32,109 I 10644 15676] io_service_pool.cc:35: IOServicePool is running with 1 io_service.
[2021-03-26 08:51:34,100 I 10644 15676] store_runner.cc:29: Allowing the Plasma store to use up to 1.07158GB of memory.
[2021-03-26 08:51:34,100 I 10644 15676] store_runner.cc:42: Starting object store with directory C:\Users\J_THEO~1\AppData\Local\Temp and huge page support disabled
[2021-03-26 08:51:34,118 I 10644 15676] grpc_server.cc:71: ObjectManager server started, listening on port 65029.
[2021-03-26 08:51:34,124 I 10644 15676] node_manager.cc:230: Initializing NodeManager with ID 48ab88488942aa23f2eaa1a8fa65db74663f99941424a51f0204fd83
[2021-03-26 08:51:34,126 I 10644 15676] grpc_server.cc:71: NodeManager server started, listening on port 65031.
[2021-03-26 08:51:34,141 I 10644 20460] agent_manager.cc:76: Monitor agent process with pid 22416, register timeout 30000ms.
[2021-03-26 08:51:34,160 I 10644 15676] raylet.cc:146: Raylet of id, 48ab88488942aa23f2eaa1a8fa65db74663f99941424a51f0204fd83 started. Raylet consists of node_manager and object_manager. node_manager address: 192.168.10.2:65031 object_manager address: 192.168.10.2:65029 hostname: 192.168.10.2
[2021-03-26 08:51:34,167 I 10644 15676] service_based_accessor.cc:579: Received notification for node id = 48ab88488942aa23f2eaa1a8fa65db74663f99941424a51f0204fd83, IsAlive = 1
[2021-03-26 08:51:37,183 I 10644 15676] worker_pool.cc:289: Started worker process of 1 worker(s) with pid 17032
[2021-03-26 08:51:37,201 I 10644 15676] worker_pool.cc:289: Started worker process of 1 worker(s) with pid 19068
[2021-03-26 08:51:37,220 I 10644 15676] worker_pool.cc:289: Started worker process of 1 worker(s) with pid 23940
[2021-03-26 08:51:37,238 I 10644 15676] worker_pool.cc:289: Started worker process of 1 worker(s) with pid 3896
[2021-03-26 08:51:37,257 I 10644 15676] worker_pool.cc:289: Started worker process of 1 worker(s) with pid 4564
[2021-03-26 08:51:37,270 I 10644 15676] worker_pool.cc:289: Started worker process of 1 worker(s) with pid 19716
[2021-03-26 08:51:37,283 I 10644 15676] worker_pool.cc:289: Started worker process of 1 worker(s) with pid 9680
[2021-03-26 08:51:37,298 I 10644 15676] worker_pool.cc:289: Started worker process of 1 worker(s) with pid 20764
[2021-03-26 08:51:37,315 I 10644 15676] worker_pool.cc:289: Started worker process of 1 worker(s) with pid 19952
[2021-03-26 08:51:37,331 I 10644 15676] worker_pool.cc:289: Started worker process of 1 worker(s) with pid 10804
[2021-03-26 08:51:37,348 I 10644 15676] worker_pool.cc:289: Started worker process of 1 worker(s) with pid 22992
[2021-03-26 08:51:37,365 I 10644 15676] worker_pool.cc:289: Started worker process of 1 worker(s) with pid 24444
[2021-03-26 08:51:40,441 W 10644 15676] worker_pool.cc:418: Received a register request from an unknown worker 7472
[2021-03-26 08:51:40,447 I 10644 15676] node_manager.cc:1106: NodeManager::DisconnectClient, disconnect_type=0, has creation task exception = 0
[2021-03-26 08:51:40,448 I 10644 15676] node_manager.cc:1120: Ignoring client disconnect because the client has already been disconnected.
[2021-03-26 08:51:40,489 W 10644 15676] worker_pool.cc:418: Received a register request from an unknown worker 19344
[2021-03-26 08:51:40,500 I 10644 15676] node_manager.cc:1106: NodeManager::DisconnectClient, disconnect_type=0, has creation task exception = 0
[2021-03-26 08:51:40,500 I 10644 15676] node_manager.cc:1120: Ignoring client disconnect because the client has already been disconnected.
[2021-03-26 08:51:40,549 W 10644 15676] worker_pool.cc:418: Received a register request from an unknown worker 17820
[2021-03-26 08:51:40,555 I 10644 15676] node_manager.cc:1106: NodeManager::DisconnectClient, disconnect_type=0, has creation task exception = 0
[2021-03-26 08:51:40,555 I 10644 15676] node_manager.cc:1120: Ignoring client disconnect because the client has already been disconnected.
[2021-03-26 08:51:40,611 W 10644 15676] worker_pool.cc:418: Received a register request from an unknown worker 19960
[2021-03-26 08:51:40,612 W 10644 15676] worker_pool.cc:418: Received a register request from an unknown worker 14440
[2021-03-26 08:51:40,613 W 10644 15676] worker_pool.cc:418: Received a register request from an unknown worker 23316
[2021-03-26 08:51:40,614 W 10644 15676] worker_pool.cc:418: Received a register request from an unknown worker 20528
[2021-03-26 08:51:40,614 W 10644 15676] worker_pool.cc:418: Received a register request from an unknown worker 22692
[2021-03-26 08:51:40,625 I 10644 15676] node_manager.cc:1106: NodeManager::DisconnectClient, disconnect_type=0, has creation task exception = 0
[2021-03-26 08:51:40,625 I 10644 15676] node_manager.cc:1120: Ignoring client disconnect because the client has already been disconnected.
[2021-03-26 08:51:40,625 I 10644 15676] node_manager.cc:1106: NodeManager::DisconnectClient, disconnect_type=0, has creation task exception = 0
[2021-03-26 08:51:40,625 I 10644 15676] node_manager.cc:1120: Ignoring client disconnect because the client has already been disconnected.
[2021-03-26 08:51:40,625 I 10644 15676] node_manager.cc:1106: NodeManager::DisconnectClient, disconnect_type=0, has creation task exception = 0
[2021-03-26 08:51:40,625 I 10644 15676] node_manager.cc:1120: Ignoring client disconnect because the client has already been disconnected.
[2021-03-26 08:51:40,625 I 10644 15676] node_manager.cc:1106: NodeManager::DisconnectClient, disconnect_type=0, has creation task exception = 0
[2021-03-26 08:51:40,625 I 10644 15676] node_manager.cc:1120: Ignoring client disconnect because the client has already been disconnected.
[2021-03-26 08:51:40,625 I 10644 15676] node_manager.cc:1106: NodeManager::DisconnectClient, disconnect_type=0, has creation task exception = 0
[2021-03-26 08:51:40,625 I 10644 15676] node_manager.cc:1120: Ignoring client disconnect because the client has already been disconnected.
[2021-03-26 08:51:40,659 W 10644 15676] worker_pool.cc:418: Received a register request from an unknown worker 18784
[2021-03-26 08:51:40,671 W 10644 15676] worker_pool.cc:418: Received a register request from an unknown worker 21812
[2021-03-26 08:51:40,674 W 10644 15676] worker_pool.cc:418: Received a register request from an unknown worker 8688
[2021-03-26 08:51:40,679 I 10644 15676] node_manager.cc:1106: NodeManager::DisconnectClient, disconnect_type=0, has creation task exception = 0
[2021-03-26 08:51:40,679 I 10644 15676] node_manager.cc:1120: Ignoring client disconnect because the client has already been disconnected.
[2021-03-26 08:51:40,679 W 10644 15676] worker_pool.cc:418: Received a register request from an unknown worker 23992
[2021-03-26 08:51:40,680 I 10644 15676] node_manager.cc:1106: NodeManager::DisconnectClient, disconnect_type=0, has creation task exception = 0
[2021-03-26 08:51:40,680 I 10644 15676] node_manager.cc:1120: Ignoring client disconnect because the client has already been disconnected.
[2021-03-26 08:51:40,684 I 10644 15676] node_manager.cc:1106: NodeManager::DisconnectClient, disconnect_type=0, has creation task exception = 0
[2021-03-26 08:51:40,684 I 10644 15676] node_manager.cc:1120: Ignoring client disconnect because the client has already been disconnected.
[2021-03-26 08:51:40,687 I 10644 15676] node_manager.cc:1106: NodeManager::DisconnectClient, disconnect_type=0, has creation task exception = 0
[2021-03-26 08:51:40,687 I 10644 15676] node_manager.cc:1120: Ignoring client disconnect because the client has already been disconnected.
[2021-03-26 08:51:42,187 W 10644 18500] metric_exporter.cc:206: Export metrics to agent failed: IOError: 12: . This won't affect Ray, but you can lose metrics from the cluster.
[2021-03-26 08:51:52,248 W 10644 18500] metric_exporter.cc:206: Export metrics to agent failed: IOError: 12: . This won't affect Ray, but you can lose metrics from the cluster.
[2021-03-26 08:52:02,288 W 10644 18500] metric_exporter.cc:206: Export metrics to agent failed: IOError: 12: . This won't affect Ray, but you can lose metrics from the cluster.
[2021-03-26 08:52:04,155 W 10644 15676] agent_manager.cc:82: Agent process with pid 22416 has not registered, restart it.
[2021-03-26 08:52:04,162 W 10644 20460] agent_manager.cc:92: Agent process with pid 22416 exit, return value 1067
[2021-03-26 08:52:05,211 I 10644 17948] agent_manager.cc:76: Monitor agent process with pid 17820, register timeout 30000ms.
[2021-03-26 08:52:07,199 I 10644 15676] worker_pool.cc:315: Some workers of the worker process(17032) have not registered to raylet within timeout.
[2021-03-26 08:52:07,215 I 10644 15676] worker_pool.cc:315: Some workers of the worker process(19068) have not registered to raylet within timeout.
[2021-03-26 08:52:07,230 I 10644 15676] worker_pool.cc:315: Some workers of the worker process(23940) have not registered to raylet within timeout.
[2021-03-26 08:52:07,245 I 10644 15676] worker_pool.cc:315: Some workers of the worker process(3896) have not registered to raylet within timeout.
[2021-03-26 08:52:07,260 I 10644 15676] worker_pool.cc:315: Some workers of the worker process(4564) have not registered to raylet within timeout.
[2021-03-26 08:52:07,276 I 10644 15676] worker_pool.cc:315: Some workers of the worker process(19716) have not registered to raylet within timeout.
[2021-03-26 08:52:07,291 I 10644 15676] worker_pool.cc:315: Some workers of the worker process(9680) have not registered to raylet within timeout.
[2021-03-26 08:52:07,306 I 10644 15676] worker_pool.cc:315: Some workers of the worker process(20764) have not registered to raylet within timeout.
[2021-03-26 08:52:07,322 I 10644 15676] worker_pool.cc:315: Some workers of the worker process(19952) have not registered to raylet within timeout.
[2021-03-26 08:52:07,338 I 10644 15676] worker_pool.cc:315: Some workers of the worker process(10804) have not registered to raylet within timeout.
[2021-03-26 08:52:07,353 I 10644 15676] worker_pool.cc:315: Some workers of the worker process(22992) have not registered to raylet within timeout.
[2021-03-26 08:52:07,369 I 10644 15676] worker_pool.cc:315: Some workers of the worker process(24444) have not registered to raylet within timeout.
[2021-03-26 08:52:12,321 W 10644 18500] metric_exporter.cc:206: Export metrics to agent failed: IOError: 12: . This won't affect Ray, but you can lose metrics from the cluster.
[2021-03-26 08:52:22,370 W 10644 18500] metric_exporter.cc:206: Export metrics to agent failed: IOError: 12: . This won't affect Ray, but you can lose metrics from the cluster.
[2021-03-26 08:52:32,405 W 10644 18500] metric_exporter.cc:206: Export metrics to agent failed: IOError: 12: . This won't affect Ray, but you can lose metrics from the cluster.
[2021-03-26 08:52:35,216 W 10644 15676] agent_manager.cc:82: Agent process with pid 17820 has not registered, restart it.
[2021-03-26 08:52:35,218 W 10644 17948] agent_manager.cc:92: Agent process with pid 17820 exit, return value 1067
[2021-03-26 08:52:36,245 I 10644 18468] agent_manager.cc:76: Monitor agent process with pid 19500, register timeout 30000ms.
[2021-03-26 08:52:42,453 W 10644 18500] metric_exporter.cc:206: Export metrics to agent failed: IOError: 12: . This won't affect Ray, but you can lose metrics from the cluster.
[2021-03-26 08:52:52,508 W 10644 18500] metric_exporter.cc:206: Export metrics to agent failed: IOError: 12: . This won't affect Ray, but you can lose metrics from the cluster.
[2021-03-26 08:53:02,556 W 10644 18500] metric_exporter.cc:206: Export metrics to agent failed: IOError: 12: . This won't affect Ray, but you can lose metrics from the cluster.
[2021-03-26 08:53:06,251 W 10644 15676] agent_manager.cc:82: Agent process with pid 19500 has not registered, restart it.
[2021-03-26 08:53:06,253 W 10644 18468] agent_manager.cc:92: Agent process with pid 19500 exit, return value 1067
[2021-03-26 08:53:07,283 I 10644 19340] agent_manager.cc:76: Monitor agent process with pid 20180, register timeout 30000ms.
[2021-03-26 08:53:12,593 W 10644 18500] metric_exporter.cc:206: Export metrics to agent failed: IOError: 12: . This won't affect Ray, but you can lose metrics from the cluster.
[2021-03-26 08:53:22,628 W 10644 18500] metric_exporter.cc:206: Export metrics to agent failed: IOError: 12: . This won't affect Ray, but you can lose metrics from the cluster.
[2021-03-26 08:53:32,686 W 10644 18500] metric_exporter.cc:206: Export metrics to agent failed: IOError: 12: . This won't affect Ray, but you can lose metrics from the cluster.
[2021-03-26 08:53:37,297 W 10644 15676] agent_manager.cc:82: Agent process with pid 20180 has not registered, restart it.
[2021-03-26 08:53:37,299 W 10644 19340] agent_manager.cc:92: Agent process with pid 20180 exit, return value 1067
[2021-03-26 08:53:38,325 I 10644 23888] agent_manager.cc:76: Monitor agent process with pid 16228, register timeout 30000ms.
[2021-03-26 08:53:42,731 W 10644 18500] metric_exporter.cc:206: Export metrics to agent failed: IOError: 12: . This won't affect Ray, but you can lose metrics from the cluster.
[2021-03-26 08:53:52,775 W 10644 18500] metric_exporter.cc:206: Export metrics to agent failed: IOError: 12: . This won't affect Ray, but you can lose metrics from the cluster.
[2021-03-26 08:54:02,792 W 10644 18500] metric_exporter.cc:206: Export metrics to agent failed: IOError: 12: . This won't affect Ray, but you can lose metrics from the cluster.
[2021-03-26 08:54:08,332 W 10644 15676] agent_manager.cc:82: Agent process with pid 16228 has not registered, restart it.
[2021-03-26 08:54:08,336 W 10644 23888] agent_manager.cc:92: Agent process with pid 16228 exit, return value 1067
[2021-03-26 08:54:09,390 I 10644 3228] agent_manager.cc:76: Monitor agent process with pid 23036, register timeout 30000ms.
[2021-03-26 08:54:12,844 W 10644 18500] metric_exporter.cc:206: Export metrics to agent failed: IOError: 12: . This won't affect Ray, but you can lose metrics from the cluster.
[2021-03-26 08:54:22,878 W 10644 18500] metric_exporter.cc:206: Export metrics to agent failed: IOError: 12: . This won't affect Ray, but you can lose metrics from the cluster.
[2021-03-26 08:54:32,912 W 10644 18500] metric_exporter.cc:206: Export metrics to agent failed: IOError: 12: . This won't affect Ray, but you can lose metrics from the cluster.
[2021-03-26 08:54:39,400 W 10644 15676] agent_manager.cc:82: Agent process with pid 23036 has not registered, restart it.
[2021-03-26 08:54:39,426 W 10644 3228] agent_manager.cc:92: Agent process with pid 23036 exit, return value 1067
[2021-03-26 08:54:40,450 I 10644 13468] agent_manager.cc:76: Monitor agent process with pid 12144, register timeout 30000ms.
[2021-03-26 08:54:42,928 W 10644 18500] metric_exporter.cc:206: Export metrics to agent failed: IOError: 12: . This won't affect Ray, but you can lose metrics from the cluster.
[2021-03-26 08:54:52,979 W 10644 18500] metric_exporter.cc:206: Export metrics to agent failed: IOError: 12: . This won't affect Ray, but you can lose metrics from the cluster.
[2021-03-26 08:55:03,015 W 10644 18500] metric_exporter.cc:206: Export metrics to agent failed: IOError: 12: . This won't affect Ray, but you can lose metrics from the cluster.
[2021-03-26 08:55:10,465 W 10644 15676] agent_manager.cc:82: Agent process with pid 12144 has not registered, restart it.
[2021-03-26 08:55:10,468 W 10644 13468] agent_manager.cc:92: Agent process with pid 12144 exit, return value 1067
[2021-03-26 08:55:11,493 I 10644 14108] agent_manager.cc:76: Monitor agent process with pid 12580, register timeout 30000ms.
[2021-03-26 08:55:13,056 W 10644 18500] metric_exporter.cc:206: Export metrics to agent failed: IOError: 12: . This won't affect Ray, but you can lose metrics from the cluster.
[2021-03-26 08:55:23,092 W 10644 18500] metric_exporter.cc:206: Export metrics to agent failed: IOError: 12: . This won't affect Ray, but you can lose metrics from the cluster.
[2021-03-26 08:55:33,124 W 10644 18500] metric_exporter.cc:206: Export metrics to agent failed: IOError: 12: . This won't affect Ray, but you can lose metrics from the cluster.
[2021-03-26 08:55:41,497 W 10644 15676] agent_manager.cc:82: Agent process with pid 12580 has not registered, restart it.
[2021-03-26 08:55:41,499 W 10644 14108] agent_manager.cc:92: Agent process with pid 12580 exit, return value 1067
[2021-03-26 08:55:42,544 I 10644 168] agent_manager.cc:76: Monitor agent process with pid 10420, register timeout 30000ms.
[2021-03-26 08:55:43,167 W 10644 18500] metric_exporter.cc:206: Export metrics to agent failed: IOError: 12: . This won't affect Ray, but you can lose metrics from the cluster.
[2021-03-26 08:55:53,196 W 10644 18500] metric_exporter.cc:206: Export metrics to agent failed: IOError: 12: . This won't affect Ray, but you can lose metrics from the cluster.
[2021-03-26 08:56:03,244 W 10644 18500] metric_exporter.cc:206: Export metrics to agent failed: IOError: 12: . This won't affect Ray, but you can lose metrics from the cluster.
[2021-03-26 08:56:12,545 W 10644 15676] agent_manager.cc:82: Agent process with pid 10420 has not registered, restart it.
[2021-03-26 08:56:12,548 W 10644 168] agent_manager.cc:92: Agent process with pid 10420 exit, return value 1067
[2021-03-26 08:56:13,281 W 10644 18500] metric_exporter.cc:206: Export metrics to agent failed: IOError: 12: . This won't affect Ray, but you can lose metrics from the cluster.
[2021-03-26 08:56:13,609 I 10644 20308] agent_manager.cc:76: Monitor agent process with pid 17524, register timeout 30000ms.
[2021-03-26 08:56:23,327 W 10644 18500] metric_exporter.cc:206: Export metrics to agent failed: IOError: 12: . This won't affect Ray, but you can lose metrics from the cluster.
[2021-03-26 08:56:33,377 W 10644 18500] metric_exporter.cc:206: Export metrics to agent failed: IOError: 12: . This won't affect Ray, but you can lose metrics from the cluster.
[2021-03-26 08:56:43,432 W 10644 18500] metric_exporter.cc:206: Export metrics to agent failed: IOError: 12: . This won't affect Ray, but you can lose metrics from the cluster.
[2021-03-26 08:56:43,616 W 10644 15676] agent_manager.cc:82: Agent process with pid 17524 has not registered, restart it.
[2021-03-26 08:56:43,622 W 10644 20308] agent_manager.cc:92: Agent process with pid 17524 exit, return value 1067
[2021-03-26 08:56:44,680 I 10644 1660] agent_manager.cc:76: Monitor agent process with pid 21432, register timeout 30000ms.
[2021-03-26 08:56:53,484 W 10644 18500] metric_exporter.cc:206: Export metrics to agent failed: IOError: 12: . This won't affect Ray, but you can lose metrics from the cluster.
[2021-03-26 08:57:03,554 W 10644 18500] metric_exporter.cc:206: Export metrics to agent failed: IOError: 12: . This won't affect Ray, but you can lose metrics from the cluster.
[2021-03-26 08:57:13,579 W 10644 18500] metric_exporter.cc:206: Export metrics to agent failed: IOError: 12: . This won't affect Ray, but you can lose metrics from the cluster.
[2021-03-26 08:57:14,683 W 10644 15676] agent_manager.cc:82: Agent process with pid 21432 has not registered, restart it.
[2021-03-26 08:57:14,689 W 10644 1660] agent_manager.cc:92: Agent process with pid 21432 exit, return value 1067
[2021-03-26 08:57:15,734 I 10644 14272] agent_manager.cc:76: Monitor agent process with pid 20404, register timeout 30000ms.
[2021-03-26 08:57:23,622 W 10644 18500] metric_exporter.cc:206: Export metrics to agent failed: IOError: 12: . This won't affect Ray, but you can lose metrics from the cluster.
[2021-03-26 08:57:33,646 W 10644 18500] metric_exporter.cc:206: Export metrics to agent failed: IOError: 12: . This won't affect Ray, but you can lose metrics from the cluster.
[2021-03-26 08:57:43,689 W 10644 18500] metric_exporter.cc:206: Export metrics to agent failed: IOError: 12: . This won't affect Ray, but you can lose metrics from the cluster.
[2021-03-26 08:57:45,736 W 10644 15676] agent_manager.cc:82: Agent process with pid 20404 has not registered, restart it.
[2021-03-26 08:57:45,738 W 10644 14272] agent_manager.cc:92: Agent process with pid 20404 exit, return value 1067
[2021-03-26 08:57:46,778 I 10644 4452] agent_manager.cc:76: Monitor agent process with pid 16840, register timeout 30000ms.
[2021-03-26 08:57:53,746 W 10644 18500] metric_exporter.cc:206: Export metrics to agent failed: IOError: 12: . This won't affect Ray, but you can lose metrics from the cluster.
[2021-03-26 08:58:03,790 W 10644 18500] metric_exporter.cc:206: Export metrics to agent failed: IOError: 12: . This won't affect Ray, but you can lose metrics from the cluster.
[2021-03-26 08:58:13,840 W 10644 18500] metric_exporter.cc:206: Export metrics to agent failed: IOError: 12: . This won't affect Ray, but you can lose metrics from the cluster.
[2021-03-26 08:58:16,786 W 10644 15676] agent_manager.cc:82: Agent process with pid 16840 has not registered, restart it.
[2021-03-26 08:58:16,788 W 10644 4452] agent_manager.cc:92: Agent process with pid 16840 exit, return value 1067
[2021-03-26 08:58:17,813 I 10644 17736] agent_manager.cc:76: Monitor agent process with pid 20140, register timeout 30000ms.
[2021-03-26 08:58:23,887 W 10644 18500] metric_exporter.cc:206: Export metrics to agent failed: IOError: 12: . This won't affect Ray, but you can lose metrics from the cluster.
[2021-03-26 08:58:33,930 W 10644 18500] metric_exporter.cc:206: Export metrics to agent failed: IOError: 12: . This won't affect Ray, but you can lose metrics from the cluster.
[2021-03-26 08:58:43,976 W 10644 18500] metric_exporter.cc:206: Export metrics to agent failed: IOError: 12: . This won't affect Ray, but you can lose metrics from the cluster.
[2021-03-26 08:58:47,820 W 10644 15676] agent_manager.cc:82: Agent process with pid 20140 has not registered, restart it.
[2021-03-26 08:58:47,822 W 10644 17736] agent_manager.cc:92: Agent process with pid 20140 exit, return value 1067
[2021-03-26 08:58:48,851 I 10644 24108] agent_manager.cc:76: Monitor agent process with pid 20572, register timeout 30000ms.
[2021-03-26 08:58:53,989 W 10644 18500] metric_exporter.cc:206: Export metrics to agent failed: IOError: 12: . This won't affect Ray, but you can lose metrics from the cluster.
[2021-03-26 08:59:04,013 W 10644 18500] metric_exporter.cc:206: Export metrics to agent failed: IOError: 12: . This won't affect Ray, but you can lose metrics from the cluster.
[2021-03-26 08:59:14,058 W 10644 18500] metric_exporter.cc:206: Export metrics to agent failed: IOError: 12: . This won't affect Ray, but you can lose metrics from the cluster.
[2021-03-26 08:59:18,861 W 10644 15676] agent_manager.cc:82: Agent process with pid 20572 has not registered, restart it.
[2021-03-26 08:59:18,864 W 10644 24108] agent_manager.cc:92: Agent process with pid 20572 exit, return value 1067
[2021-03-26 08:59:19,908 I 10644 24004] agent_manager.cc:76: Monitor agent process with pid 16936, register timeout 30000ms.
[2021-03-26 08:59:24,101 W 10644 18500] metric_exporter.cc:206: Export metrics to agent failed: IOError: 12: . This won't affect Ray, but you can lose metrics from the cluster.
[2021-03-26 08:59:34,134 W 10644 18500] metric_exporter.cc:206: Export metrics to agent failed: IOError: 12: . This won't affect Ray, but you can lose metrics from the cluster.
[2021-03-26 08:59:44,166 W 10644 18500] metric_exporter.cc:206: Export metrics to agent failed: IOError: 12: . This won't affect Ray, but you can lose metrics from the cluster.
[2021-03-26 08:59:49,922 W 10644 15676] agent_manager.cc:82: Agent process with pid 16936 has not registered, restart it.
[2021-03-26 08:59:49,925 W 10644 24004] agent_manager.cc:92: Agent process with pid 16936 exit, return value 1067
[2021-03-26 08:59:50,983 I 10644 10772] agent_manager.cc:76: Monitor agent process with pid 17200, register timeout 30000ms.
[2021-03-26 08:59:54,201 W 10644 18500] metric_exporter.cc:206: Export metrics to agent failed: IOError: 12: . This won't affect Ray, but you can lose metrics from the cluster.
[2021-03-26 09:00:04,223 W 10644 18500] metric_exporter.cc:206: Export metrics to agent failed: IOError: 12: . This won't affect Ray, but you can lose metrics from the cluster.
[2021-03-26 09:00:14,268 W 10644 18500] metric_exporter.cc:206: Export metrics to agent failed: IOError: 12: . This won't affect Ray, but you can lose metrics from the cluster.
[2021-03-26 09:00:20,988 W 10644 15676] agent_manager.cc:82: Agent process with pid 17200 has not registered, restart it.
[2021-03-26 09:00:20,992 W 10644 10772] agent_manager.cc:92: Agent process with pid 17200 exit, return value 1067
[2021-03-26 09:00:22,056 I 10644 22992] agent_manager.cc:76: Monitor agent process with pid 22576, register timeout 30000ms.
[2021-03-26 09:00:24,299 W 10644 18500] metric_exporter.cc:206: Export metrics to agent failed: IOError: 12: . This won't affect Ray, but you can lose metrics from the cluster.
[2021-03-26 09:00:34,338 W 10644 18500] metric_exporter.cc:206: Export metrics to agent failed: IOError: 12: . This won't affect Ray, but you can lose metrics from the cluster.
[2021-03-26 09:00:44,374 W 10644 18500] metric_exporter.cc:206: Export metrics to agent failed: IOError: 12: . This won't affect Ray, but you can lose metrics from the cluster.
[2021-03-26 09:00:52,070 W 10644 15676] agent_manager.cc:82: Agent process with pid 22576 has not registered, restart it.
[2021-03-26 09:00:52,075 W 10644 22992] agent_manager.cc:92: Agent process with pid 22576 exit, return value 1067
[2021-03-26 09:00:53,133 I 10644 9892] agent_manager.cc:76: Monitor agent process with pid 16540, register timeout 30000ms.
[2021-03-26 09:00:54,412 W 10644 18500] metric_exporter.cc:206: Export metrics to agent failed: IOError: 12: . This won't affect Ray, but you can lose metrics from the cluster.
[2021-03-26 09:01:04,469 W 10644 18500] metric_exporter.cc:206: Export metrics to agent failed: IOError: 12: . This won't affect Ray, but you can lose metrics from the cluster.
[2021-03-26 09:01:14,517 W 10644 18500] metric_exporter.cc:206: Export metrics to agent failed: IOError: 12: . This won't affect Ray, but you can lose metrics from the cluster.
[2021-03-26 09:01:23,140 W 10644 15676] agent_manager.cc:82: Agent process with pid 16540 has not registered, restart it.
[2021-03-26 09:01:23,142 W 10644 9892] agent_manager.cc:92: Agent process with pid 16540 exit, return value 1067
[2021-03-26 09:01:24,197 I 10644 4388] agent_manager.cc:76: Monitor agent process with pid 17292, register timeout 30000ms.
[2021-03-26 09:01:24,557 W 10644 18500] metric_exporter.cc:206: Export metrics to agent failed: IOError: 12: . This won't affect Ray, but you can lose metrics from the cluster.
[2021-03-26 09:01:34,131 I 10644 15676] node_manager.cc:515: Sending Python GC request to 0 local workers to clean up Python cyclic references.
[2021-03-26 09:01:34,599 W 10644 18500] metric_exporter.cc:206: Export metrics to agent failed: IOError: 12: . This won't affect Ray, but you can lose metrics from the cluster.
[2021-03-26 09:01:44,638 W 10644 18500] metric_exporter.cc:206: Export metrics to agent failed: IOError: 12: . This won't affect Ray, but you can lose metrics from the cluster.
[2021-03-26 09:01:54,201 W 10644 15676] agent_manager.cc:82: Agent process with pid 17292 has not registered, restart it.
[2021-03-26 09:01:54,207 W 10644 4388] agent_manager.cc:92: Agent process with pid 17292 exit, return value 1067
[2021-03-26 09:01:54,671 W 10644 18500] metric_exporter.cc:206: Export metrics to agent failed: IOError: 12: . This won't affect Ray, but you can lose metrics from the cluster.
[2021-03-26 09:01:55,263 I 10644 23608] agent_manager.cc:76: Monitor agent process with pid 23456, register timeout 30000ms.
[2021-03-26 09:02:04,701 W 10644 18500] metric_exporter.cc:206: Export metrics to agent failed: IOError: 12: . This won't affect Ray, but you can lose metrics from the cluster.
