[2021-03-26 09:43:54,082 I 19204 23344] io_service_pool.cc:35: IOServicePool is running with 1 io_service.
[2021-03-26 09:43:54,109 I 19204 23344] gcs_redis_failure_detector.cc:30: Starting redis failure detector.
[2021-03-26 09:43:54,109 I 19204 23344] gcs_init_data.cc:44: Loading job table data.
[2021-03-26 09:43:54,110 I 19204 23344] gcs_init_data.cc:56: Loading node table data.
[2021-03-26 09:43:54,110 I 19204 23344] gcs_init_data.cc:68: Loading object table data.
[2021-03-26 09:43:54,110 I 19204 23344] gcs_init_data.cc:81: Loading cluster resources table data.
[2021-03-26 09:43:54,110 I 19204 23344] gcs_init_data.cc:108: Loading actor table data.
[2021-03-26 09:43:54,110 I 19204 23344] gcs_init_data.cc:94: Loading placement group table data.
[2021-03-26 09:43:54,112 I 19204 23344] gcs_init_data.cc:48: Finished loading job table data, size = 0
[2021-03-26 09:43:54,112 I 19204 23344] gcs_init_data.cc:60: Finished loading node table data, size = 0
[2021-03-26 09:43:54,112 I 19204 23344] gcs_init_data.cc:73: Finished loading object table data, size = 0
[2021-03-26 09:43:54,112 I 19204 23344] gcs_init_data.cc:85: Finished loading cluster resources table data, size = 0
[2021-03-26 09:43:54,112 I 19204 23344] gcs_init_data.cc:112: Finished loading actor table data, size = 0
[2021-03-26 09:43:54,112 I 19204 23344] gcs_init_data.cc:99: Finished loading placement group table data, size = 0
[2021-03-26 09:43:54,112 I 19204 23344] gcs_heartbeat_manager.cc:30: GcsHeartbeatManager start, num_heartbeats_timeout=300
[2021-03-26 09:43:56,113 I 19204 23344] grpc_server.cc:71: GcsServer server started, listening on port 54855.
[2021-03-26 09:43:56,129 I 19204 23344] gcs_server.cc:270: Gcs server address = 192.168.10.2:54855
[2021-03-26 09:43:56,130 I 19204 23344] gcs_server.cc:274: Finished setting gcs server address: 192.168.10.2:54855
[2021-03-26 09:43:56,130 I 19204 23344] gcs_server.cc:366: GcsNodeManager: {RegisterNode request count: 0, UnregisterNode request count: 0, GetAllNodeInfo request count: 0, GetInternalConfig request count: 0}
GcsActorManager: {RegisterActor request count: 0, CreateActor request count: 0, GetActorInfo request count: 0, GetNamedActorInfo request count: 0, KillActor request count: 0, Registered actors count: 0, Destroyed actors count: 0, Named actors count: 0, Unresolved actors count: 0, Pending actors count: 0, Created actors count: 0}
GcsObjectManager: {GetObjectLocations request count: 0, GetAllObjectLocations request count: 0, AddObjectLocation request count: 0, RemoveObjectLocation request count: 0, Object count: 0}
GcsPlacementGroupManager: {CreatePlacementGroup request count: 0, RemovePlacementGroup request count: 0, GetPlacementGroup request count: 0, GetAllPlacementGroup request count: 0, WaitPlacementGroupUntilReady request count: 0, Registered placement groups count: 0, Named placement group count: 0, Pending placement groups count: 0}
GcsPubSub:
- num channels subscribed to: 0
- total commands queued: 0
DefaultTaskInfoHandler: {AddTask request count: 0, GetTask request count: 0, AddTaskLease request count: 0, GetTaskLease request count: 0, AttemptTaskReconstruction request count: 0}
[2021-03-26 09:43:58,193 I 19204 23344] gcs_node_manager.cc:34: Registering node info, node id = b84d4f4e4ae59cea4d43983e68d921714bbf25cade6d43cef79be2b0, address = 192.168.10.2
[2021-03-26 09:43:58,193 I 19204 23344] gcs_node_manager.cc:39: Finished registering node info, node id = b84d4f4e4ae59cea4d43983e68d921714bbf25cade6d43cef79be2b0, address = 192.168.10.2
[2021-03-26 09:43:58,200 I 19204 23344] gcs_job_manager.cc:93: Getting all job info.
[2021-03-26 09:43:58,200 I 19204 23344] gcs_job_manager.cc:99: Finished getting all job info.
[2021-03-26 09:44:00,401 I 19204 23344] gcs_job_manager.cc:26: Adding job, job id = 01000000, driver pid = 11776
[2021-03-26 09:44:00,402 I 19204 23344] gcs_job_manager.cc:36: Finished adding job, job id = 01000000, driver pid = 11776
[2021-03-26 09:44:06,152 W 19204 12452] metric_exporter.cc:206: Export metrics to agent failed: IOError: 14: failed to connect to all addresses. This won't affect Ray, but you can lose metrics from the cluster.
[2021-03-26 09:44:14,107 W 19204 12452] metric_exporter.cc:206: Export metrics to agent failed: IOError: 14: failed to connect to all addresses. This won't affect Ray, but you can lose metrics from the cluster.
[2021-03-26 09:44:24,127 W 19204 12452] metric_exporter.cc:206: Export metrics to agent failed: IOError: 14: failed to connect to all addresses. This won't affect Ray, but you can lose metrics from the cluster.
