[2021-03-26 09:03:19,660 I 24372 20612] io_service_pool.cc:35: IOServicePool is running with 1 io_service.
[2021-03-26 09:03:19,666 I 24372 20612] gcs_redis_failure_detector.cc:30: Starting redis failure detector.
[2021-03-26 09:03:19,666 I 24372 20612] gcs_init_data.cc:44: Loading job table data.
[2021-03-26 09:03:19,666 I 24372 20612] gcs_init_data.cc:56: Loading node table data.
[2021-03-26 09:03:19,666 I 24372 20612] gcs_init_data.cc:68: Loading object table data.
[2021-03-26 09:03:19,666 I 24372 20612] gcs_init_data.cc:81: Loading cluster resources table data.
[2021-03-26 09:03:19,666 I 24372 20612] gcs_init_data.cc:108: Loading actor table data.
[2021-03-26 09:03:19,666 I 24372 20612] gcs_init_data.cc:94: Loading placement group table data.
[2021-03-26 09:03:19,668 I 24372 20612] gcs_init_data.cc:48: Finished loading job table data, size = 0
[2021-03-26 09:03:19,668 I 24372 20612] gcs_init_data.cc:60: Finished loading node table data, size = 0
[2021-03-26 09:03:19,668 I 24372 20612] gcs_init_data.cc:73: Finished loading object table data, size = 0
[2021-03-26 09:03:19,668 I 24372 20612] gcs_init_data.cc:85: Finished loading cluster resources table data, size = 0
[2021-03-26 09:03:19,668 I 24372 20612] gcs_init_data.cc:112: Finished loading actor table data, size = 0
[2021-03-26 09:03:19,668 I 24372 20612] gcs_init_data.cc:99: Finished loading placement group table data, size = 0
[2021-03-26 09:03:19,668 I 24372 20612] gcs_heartbeat_manager.cc:30: GcsHeartbeatManager start, num_heartbeats_timeout=300
[2021-03-26 09:03:21,700 I 24372 20612] grpc_server.cc:71: GcsServer server started, listening on port 65374.
[2021-03-26 09:03:21,718 I 24372 20612] gcs_server.cc:270: Gcs server address = 192.168.10.2:65374
[2021-03-26 09:03:21,718 I 24372 20612] gcs_server.cc:274: Finished setting gcs server address: 192.168.10.2:65374
[2021-03-26 09:03:21,718 I 24372 20612] gcs_server.cc:366: GcsNodeManager: {RegisterNode request count: 0, UnregisterNode request count: 0, GetAllNodeInfo request count: 0, GetInternalConfig request count: 0}
GcsActorManager: {RegisterActor request count: 0, CreateActor request count: 0, GetActorInfo request count: 0, GetNamedActorInfo request count: 0, KillActor request count: 0, Registered actors count: 0, Destroyed actors count: 0, Named actors count: 0, Unresolved actors count: 0, Pending actors count: 0, Created actors count: 0}
GcsObjectManager: {GetObjectLocations request count: 0, GetAllObjectLocations request count: 0, AddObjectLocation request count: 0, RemoveObjectLocation request count: 0, Object count: 0}
GcsPlacementGroupManager: {CreatePlacementGroup request count: 0, RemovePlacementGroup request count: 0, GetPlacementGroup request count: 0, GetAllPlacementGroup request count: 0, WaitPlacementGroupUntilReady request count: 0, Registered placement groups count: 0, Named placement group count: 0, Pending placement groups count: 0}
GcsPubSub:
- num channels subscribed to: 0
- total commands queued: 0
DefaultTaskInfoHandler: {AddTask request count: 0, GetTask request count: 0, AddTaskLease request count: 0, GetTaskLease request count: 0, AttemptTaskReconstruction request count: 0}
[2021-03-26 09:03:22,820 I 24372 20612] gcs_job_manager.cc:93: Getting all job info.
[2021-03-26 09:03:22,821 I 24372 20612] gcs_job_manager.cc:99: Finished getting all job info.
[2021-03-26 09:03:25,187 I 24372 20612] gcs_node_manager.cc:34: Registering node info, node id = 1a258043ed4ab6142b61e37aeb6959126a88dc8705516bb00cc5e64b, address = 192.168.10.2
[2021-03-26 09:03:25,188 I 24372 20612] gcs_node_manager.cc:39: Finished registering node info, node id = 1a258043ed4ab6142b61e37aeb6959126a88dc8705516bb00cc5e64b, address = 192.168.10.2
[2021-03-26 09:03:25,197 I 24372 20612] gcs_job_manager.cc:93: Getting all job info.
[2021-03-26 09:03:25,198 I 24372 20612] gcs_job_manager.cc:99: Finished getting all job info.
[2021-03-26 09:03:28,255 I 24372 20612] gcs_job_manager.cc:26: Adding job, job id = 01000000, driver pid = 19780
[2021-03-26 09:03:28,256 I 24372 20612] gcs_job_manager.cc:36: Finished adding job, job id = 01000000, driver pid = 19780
[2021-03-26 09:03:31,770 W 24372 22652] metric_exporter.cc:206: Export metrics to agent failed: IOError: 14: failed to connect to all addresses. This won't affect Ray, but you can lose metrics from the cluster.
[2021-03-26 09:03:41,604 W 24372 22652] metric_exporter.cc:206: Export metrics to agent failed: IOError: 14: failed to connect to all addresses. This won't affect Ray, but you can lose metrics from the cluster.
[2021-03-26 09:03:49,810 W 24372 22652] metric_exporter.cc:206: Export metrics to agent failed: IOError: 14: failed to connect to all addresses. This won't affect Ray, but you can lose metrics from the cluster.
[2021-03-26 09:03:59,847 W 24372 22652] metric_exporter.cc:206: Export metrics to agent failed: IOError: 14: failed to connect to all addresses. This won't affect Ray, but you can lose metrics from the cluster.
[2021-03-26 09:04:09,893 W 24372 22652] metric_exporter.cc:206: Export metrics to agent failed: IOError: 14: failed to connect to all addresses. This won't affect Ray, but you can lose metrics from the cluster.
[2021-03-26 09:04:19,945 W 24372 22652] metric_exporter.cc:206: Export metrics to agent failed: IOError: 14: failed to connect to all addresses. This won't affect Ray, but you can lose metrics from the cluster.
[2021-03-26 09:04:21,733 I 24372 20612] gcs_server.cc:366: GcsNodeManager: {RegisterNode request count: 1, UnregisterNode request count: 0, GetAllNodeInfo request count: 18, GetInternalConfig request count: 1}
GcsActorManager: {RegisterActor request count: 0, CreateActor request count: 0, GetActorInfo request count: 0, GetNamedActorInfo request count: 0, KillActor request count: 0, Registered actors count: 0, Destroyed actors count: 0, Named actors count: 0, Unresolved actors count: 0, Pending actors count: 0, Created actors count: 0}
GcsObjectManager: {GetObjectLocations request count: 0, GetAllObjectLocations request count: 0, AddObjectLocation request count: 0, RemoveObjectLocation request count: 0, Object count: 0}
GcsPlacementGroupManager: {CreatePlacementGroup request count: 0, RemovePlacementGroup request count: 0, GetPlacementGroup request count: 0, GetAllPlacementGroup request count: 0, WaitPlacementGroupUntilReady request count: 0, Registered placement groups count: 0, Named placement group count: 0, Pending placement groups count: 0}
GcsPubSub:
- num channels subscribed to: 0
- total commands queued: 0
DefaultTaskInfoHandler: {AddTask request count: 0, GetTask request count: 0, AddTaskLease request count: 0, GetTaskLease request count: 0, AttemptTaskReconstruction request count: 0}
[2021-03-26 09:04:29,971 W 24372 22652] metric_exporter.cc:206: Export metrics to agent failed: IOError: 14: failed to connect to all addresses. This won't affect Ray, but you can lose metrics from the cluster.
[2021-03-26 09:04:40,025 W 24372 22652] metric_exporter.cc:206: Export metrics to agent failed: IOError: 14: failed to connect to all addresses. This won't affect Ray, but you can lose metrics from the cluster.
[2021-03-26 09:04:50,098 W 24372 22652] metric_exporter.cc:206: Export metrics to agent failed: IOError: 14: failed to connect to all addresses. This won't affect Ray, but you can lose metrics from the cluster.
[2021-03-26 09:05:00,150 W 24372 22652] metric_exporter.cc:206: Export metrics to agent failed: IOError: 14: failed to connect to all addresses. This won't affect Ray, but you can lose metrics from the cluster.
[2021-03-26 09:05:10,182 W 24372 22652] metric_exporter.cc:206: Export metrics to agent failed: IOError: 14: failed to connect to all addresses. This won't affect Ray, but you can lose metrics from the cluster.
[2021-03-26 09:05:20,223 W 24372 22652] metric_exporter.cc:206: Export metrics to agent failed: IOError: 14: failed to connect to all addresses. This won't affect Ray, but you can lose metrics from the cluster.
[2021-03-26 09:05:21,745 I 24372 20612] gcs_server.cc:366: GcsNodeManager: {RegisterNode request count: 1, UnregisterNode request count: 0, GetAllNodeInfo request count: 30, GetInternalConfig request count: 1}
GcsActorManager: {RegisterActor request count: 0, CreateActor request count: 0, GetActorInfo request count: 0, GetNamedActorInfo request count: 0, KillActor request count: 0, Registered actors count: 0, Destroyed actors count: 0, Named actors count: 0, Unresolved actors count: 0, Pending actors count: 0, Created actors count: 0}
GcsObjectManager: {GetObjectLocations request count: 0, GetAllObjectLocations request count: 0, AddObjectLocation request count: 0, RemoveObjectLocation request count: 0, Object count: 0}
GcsPlacementGroupManager: {CreatePlacementGroup request count: 0, RemovePlacementGroup request count: 0, GetPlacementGroup request count: 0, GetAllPlacementGroup request count: 0, WaitPlacementGroupUntilReady request count: 0, Registered placement groups count: 0, Named placement group count: 0, Pending placement groups count: 0}
GcsPubSub:
- num channels subscribed to: 0
- total commands queued: 0
DefaultTaskInfoHandler: {AddTask request count: 0, GetTask request count: 0, AddTaskLease request count: 0, GetTaskLease request count: 0, AttemptTaskReconstruction request count: 0}
[2021-03-26 09:05:30,257 W 24372 22652] metric_exporter.cc:206: Export metrics to agent failed: IOError: 14: failed to connect to all addresses. This won't affect Ray, but you can lose metrics from the cluster.
[2021-03-26 09:05:40,290 W 24372 22652] metric_exporter.cc:206: Export metrics to agent failed: IOError: 14: failed to connect to all addresses. This won't affect Ray, but you can lose metrics from the cluster.
[2021-03-26 09:05:50,314 W 24372 22652] metric_exporter.cc:206: Export metrics to agent failed: IOError: 14: failed to connect to all addresses. This won't affect Ray, but you can lose metrics from the cluster.
[2021-03-26 09:06:00,345 W 24372 22652] metric_exporter.cc:206: Export metrics to agent failed: IOError: 14: failed to connect to all addresses. This won't affect Ray, but you can lose metrics from the cluster.
[2021-03-26 09:06:10,371 W 24372 22652] metric_exporter.cc:206: Export metrics to agent failed: IOError: 14: failed to connect to all addresses. This won't affect Ray, but you can lose metrics from the cluster.
[2021-03-26 09:06:20,399 W 24372 22652] metric_exporter.cc:206: Export metrics to agent failed: IOError: 14: failed to connect to all addresses. This won't affect Ray, but you can lose metrics from the cluster.
[2021-03-26 09:06:21,755 I 24372 20612] gcs_server.cc:366: GcsNodeManager: {RegisterNode request count: 1, UnregisterNode request count: 0, GetAllNodeInfo request count: 42, GetInternalConfig request count: 1}
GcsActorManager: {RegisterActor request count: 0, CreateActor request count: 0, GetActorInfo request count: 0, GetNamedActorInfo request count: 0, KillActor request count: 0, Registered actors count: 0, Destroyed actors count: 0, Named actors count: 0, Unresolved actors count: 0, Pending actors count: 0, Created actors count: 0}
GcsObjectManager: {GetObjectLocations request count: 0, GetAllObjectLocations request count: 0, AddObjectLocation request count: 0, RemoveObjectLocation request count: 0, Object count: 0}
GcsPlacementGroupManager: {CreatePlacementGroup request count: 0, RemovePlacementGroup request count: 0, GetPlacementGroup request count: 0, GetAllPlacementGroup request count: 0, WaitPlacementGroupUntilReady request count: 0, Registered placement groups count: 0, Named placement group count: 0, Pending placement groups count: 0}
GcsPubSub:
- num channels subscribed to: 0
- total commands queued: 0
DefaultTaskInfoHandler: {AddTask request count: 0, GetTask request count: 0, AddTaskLease request count: 0, GetTaskLease request count: 0, AttemptTaskReconstruction request count: 0}
[2021-03-26 09:06:30,431 W 24372 22652] metric_exporter.cc:206: Export metrics to agent failed: IOError: 14: failed to connect to all addresses. This won't affect Ray, but you can lose metrics from the cluster.
[2021-03-26 09:06:40,479 W 24372 22652] metric_exporter.cc:206: Export metrics to agent failed: IOError: 14: failed to connect to all addresses. This won't affect Ray, but you can lose metrics from the cluster.
[2021-03-26 09:06:50,525 W 24372 22652] metric_exporter.cc:206: Export metrics to agent failed: IOError: 14: failed to connect to all addresses. This won't affect Ray, but you can lose metrics from the cluster.
[2021-03-26 09:07:00,564 W 24372 22652] metric_exporter.cc:206: Export metrics to agent failed: IOError: 14: failed to connect to all addresses. This won't affect Ray, but you can lose metrics from the cluster.
[2021-03-26 09:07:10,605 W 24372 22652] metric_exporter.cc:206: Export metrics to agent failed: IOError: 14: failed to connect to all addresses. This won't affect Ray, but you can lose metrics from the cluster.
[2021-03-26 09:07:20,650 W 24372 22652] metric_exporter.cc:206: Export metrics to agent failed: IOError: 14: failed to connect to all addresses. This won't affect Ray, but you can lose metrics from the cluster.
[2021-03-26 09:07:21,768 I 24372 20612] gcs_server.cc:366: GcsNodeManager: {RegisterNode request count: 1, UnregisterNode request count: 0, GetAllNodeInfo request count: 54, GetInternalConfig request count: 1}
GcsActorManager: {RegisterActor request count: 0, CreateActor request count: 0, GetActorInfo request count: 0, GetNamedActorInfo request count: 0, KillActor request count: 0, Registered actors count: 0, Destroyed actors count: 0, Named actors count: 0, Unresolved actors count: 0, Pending actors count: 0, Created actors count: 0}
GcsObjectManager: {GetObjectLocations request count: 0, GetAllObjectLocations request count: 0, AddObjectLocation request count: 0, RemoveObjectLocation request count: 0, Object count: 0}
GcsPlacementGroupManager: {CreatePlacementGroup request count: 0, RemovePlacementGroup request count: 0, GetPlacementGroup request count: 0, GetAllPlacementGroup request count: 0, WaitPlacementGroupUntilReady request count: 0, Registered placement groups count: 0, Named placement group count: 0, Pending placement groups count: 0}
GcsPubSub:
- num channels subscribed to: 0
- total commands queued: 0
DefaultTaskInfoHandler: {AddTask request count: 0, GetTask request count: 0, AddTaskLease request count: 0, GetTaskLease request count: 0, AttemptTaskReconstruction request count: 0}
[2021-03-26 09:07:30,692 W 24372 22652] metric_exporter.cc:206: Export metrics to agent failed: IOError: 14: failed to connect to all addresses. This won't affect Ray, but you can lose metrics from the cluster.
[2021-03-26 09:07:40,736 W 24372 22652] metric_exporter.cc:206: Export metrics to agent failed: IOError: 14: failed to connect to all addresses. This won't affect Ray, but you can lose metrics from the cluster.
[2021-03-26 09:07:50,783 W 24372 22652] metric_exporter.cc:206: Export metrics to agent failed: IOError: 14: failed to connect to all addresses. This won't affect Ray, but you can lose metrics from the cluster.
[2021-03-26 09:08:00,818 W 24372 22652] metric_exporter.cc:206: Export metrics to agent failed: IOError: 14: failed to connect to all addresses. This won't affect Ray, but you can lose metrics from the cluster.
[2021-03-26 09:08:10,856 W 24372 22652] metric_exporter.cc:206: Export metrics to agent failed: IOError: 14: failed to connect to all addresses. This won't affect Ray, but you can lose metrics from the cluster.
[2021-03-26 09:08:20,887 W 24372 22652] metric_exporter.cc:206: Export metrics to agent failed: IOError: 14: failed to connect to all addresses. This won't affect Ray, but you can lose metrics from the cluster.
[2021-03-26 09:08:21,775 I 24372 20612] gcs_server.cc:366: GcsNodeManager: {RegisterNode request count: 1, UnregisterNode request count: 0, GetAllNodeInfo request count: 66, GetInternalConfig request count: 1}
GcsActorManager: {RegisterActor request count: 0, CreateActor request count: 0, GetActorInfo request count: 0, GetNamedActorInfo request count: 0, KillActor request count: 0, Registered actors count: 0, Destroyed actors count: 0, Named actors count: 0, Unresolved actors count: 0, Pending actors count: 0, Created actors count: 0}
GcsObjectManager: {GetObjectLocations request count: 0, GetAllObjectLocations request count: 0, AddObjectLocation request count: 0, RemoveObjectLocation request count: 0, Object count: 0}
GcsPlacementGroupManager: {CreatePlacementGroup request count: 0, RemovePlacementGroup request count: 0, GetPlacementGroup request count: 0, GetAllPlacementGroup request count: 0, WaitPlacementGroupUntilReady request count: 0, Registered placement groups count: 0, Named placement group count: 0, Pending placement groups count: 0}
GcsPubSub:
- num channels subscribed to: 0
- total commands queued: 0
DefaultTaskInfoHandler: {AddTask request count: 0, GetTask request count: 0, AddTaskLease request count: 0, GetTaskLease request count: 0, AttemptTaskReconstruction request count: 0}
[2021-03-26 09:08:30,919 W 24372 22652] metric_exporter.cc:206: Export metrics to agent failed: IOError: 14: failed to connect to all addresses. This won't affect Ray, but you can lose metrics from the cluster.
[2021-03-26 09:08:40,954 W 24372 22652] metric_exporter.cc:206: Export metrics to agent failed: IOError: 14: failed to connect to all addresses. This won't affect Ray, but you can lose metrics from the cluster.
[2021-03-26 09:08:51,025 W 24372 22652] metric_exporter.cc:206: Export metrics to agent failed: IOError: 14: failed to connect to all addresses. This won't affect Ray, but you can lose metrics from the cluster.
[2021-03-26 09:09:01,054 W 24372 22652] metric_exporter.cc:206: Export metrics to agent failed: IOError: 14: failed to connect to all addresses. This won't affect Ray, but you can lose metrics from the cluster.
[2021-03-26 09:09:11,087 W 24372 22652] metric_exporter.cc:206: Export metrics to agent failed: IOError: 14: failed to connect to all addresses. This won't affect Ray, but you can lose metrics from the cluster.
[2021-03-26 09:09:21,117 W 24372 22652] metric_exporter.cc:206: Export metrics to agent failed: IOError: 14: failed to connect to all addresses. This won't affect Ray, but you can lose metrics from the cluster.
[2021-03-26 09:09:21,789 I 24372 20612] gcs_server.cc:366: GcsNodeManager: {RegisterNode request count: 1, UnregisterNode request count: 0, GetAllNodeInfo request count: 78, GetInternalConfig request count: 1}
GcsActorManager: {RegisterActor request count: 0, CreateActor request count: 0, GetActorInfo request count: 0, GetNamedActorInfo request count: 0, KillActor request count: 0, Registered actors count: 0, Destroyed actors count: 0, Named actors count: 0, Unresolved actors count: 0, Pending actors count: 0, Created actors count: 0}
GcsObjectManager: {GetObjectLocations request count: 0, GetAllObjectLocations request count: 0, AddObjectLocation request count: 0, RemoveObjectLocation request count: 0, Object count: 0}
GcsPlacementGroupManager: {CreatePlacementGroup request count: 0, RemovePlacementGroup request count: 0, GetPlacementGroup request count: 0, GetAllPlacementGroup request count: 0, WaitPlacementGroupUntilReady request count: 0, Registered placement groups count: 0, Named placement group count: 0, Pending placement groups count: 0}
GcsPubSub:
- num channels subscribed to: 0
- total commands queued: 0
DefaultTaskInfoHandler: {AddTask request count: 0, GetTask request count: 0, AddTaskLease request count: 0, GetTaskLease request count: 0, AttemptTaskReconstruction request count: 0}
[2021-03-26 09:09:31,177 W 24372 22652] metric_exporter.cc:206: Export metrics to agent failed: IOError: 14: failed to connect to all addresses. This won't affect Ray, but you can lose metrics from the cluster.
[2021-03-26 09:09:41,244 W 24372 22652] metric_exporter.cc:206: Export metrics to agent failed: IOError: 14: failed to connect to all addresses. This won't affect Ray, but you can lose metrics from the cluster.
[2021-03-26 09:09:51,285 W 24372 22652] metric_exporter.cc:206: Export metrics to agent failed: IOError: 14: failed to connect to all addresses. This won't affect Ray, but you can lose metrics from the cluster.
[2021-03-26 09:10:01,327 W 24372 22652] metric_exporter.cc:206: Export metrics to agent failed: IOError: 14: failed to connect to all addresses. This won't affect Ray, but you can lose metrics from the cluster.
[2021-03-26 09:10:11,379 W 24372 22652] metric_exporter.cc:206: Export metrics to agent failed: IOError: 14: failed to connect to all addresses. This won't affect Ray, but you can lose metrics from the cluster.
[2021-03-26 09:10:21,417 W 24372 22652] metric_exporter.cc:206: Export metrics to agent failed: IOError: 14: failed to connect to all addresses. This won't affect Ray, but you can lose metrics from the cluster.
[2021-03-26 09:10:21,790 I 24372 20612] gcs_server.cc:366: GcsNodeManager: {RegisterNode request count: 1, UnregisterNode request count: 0, GetAllNodeInfo request count: 90, GetInternalConfig request count: 1}
GcsActorManager: {RegisterActor request count: 0, CreateActor request count: 0, GetActorInfo request count: 0, GetNamedActorInfo request count: 0, KillActor request count: 0, Registered actors count: 0, Destroyed actors count: 0, Named actors count: 0, Unresolved actors count: 0, Pending actors count: 0, Created actors count: 0}
GcsObjectManager: {GetObjectLocations request count: 0, GetAllObjectLocations request count: 0, AddObjectLocation request count: 0, RemoveObjectLocation request count: 0, Object count: 0}
GcsPlacementGroupManager: {CreatePlacementGroup request count: 0, RemovePlacementGroup request count: 0, GetPlacementGroup request count: 0, GetAllPlacementGroup request count: 0, WaitPlacementGroupUntilReady request count: 0, Registered placement groups count: 0, Named placement group count: 0, Pending placement groups count: 0}
GcsPubSub:
- num channels subscribed to: 0
- total commands queued: 0
DefaultTaskInfoHandler: {AddTask request count: 0, GetTask request count: 0, AddTaskLease request count: 0, GetTaskLease request count: 0, AttemptTaskReconstruction request count: 0}
[2021-03-26 09:10:31,458 W 24372 22652] metric_exporter.cc:206: Export metrics to agent failed: IOError: 14: failed to connect to all addresses. This won't affect Ray, but you can lose metrics from the cluster.
[2021-03-26 09:10:41,523 W 24372 22652] metric_exporter.cc:206: Export metrics to agent failed: IOError: 14: failed to connect to all addresses. This won't affect Ray, but you can lose metrics from the cluster.
[2021-03-26 09:10:51,582 W 24372 22652] metric_exporter.cc:206: Export metrics to agent failed: IOError: 14: failed to connect to all addresses. This won't affect Ray, but you can lose metrics from the cluster.
[2021-03-26 09:11:01,632 W 24372 22652] metric_exporter.cc:206: Export metrics to agent failed: IOError: 14: failed to connect to all addresses. This won't affect Ray, but you can lose metrics from the cluster.
[2021-03-26 09:11:11,678 W 24372 22652] metric_exporter.cc:206: Export metrics to agent failed: IOError: 14: failed to connect to all addresses. This won't affect Ray, but you can lose metrics from the cluster.
[2021-03-26 09:11:21,733 W 24372 22652] metric_exporter.cc:206: Export metrics to agent failed: IOError: 14: failed to connect to all addresses. This won't affect Ray, but you can lose metrics from the cluster.
[2021-03-26 09:11:21,793 I 24372 20612] gcs_server.cc:366: GcsNodeManager: {RegisterNode request count: 1, UnregisterNode request count: 0, GetAllNodeInfo request count: 102, GetInternalConfig request count: 1}
GcsActorManager: {RegisterActor request count: 0, CreateActor request count: 0, GetActorInfo request count: 0, GetNamedActorInfo request count: 0, KillActor request count: 0, Registered actors count: 0, Destroyed actors count: 0, Named actors count: 0, Unresolved actors count: 0, Pending actors count: 0, Created actors count: 0}
GcsObjectManager: {GetObjectLocations request count: 0, GetAllObjectLocations request count: 0, AddObjectLocation request count: 0, RemoveObjectLocation request count: 0, Object count: 0}
GcsPlacementGroupManager: {CreatePlacementGroup request count: 0, RemovePlacementGroup request count: 0, GetPlacementGroup request count: 0, GetAllPlacementGroup request count: 0, WaitPlacementGroupUntilReady request count: 0, Registered placement groups count: 0, Named placement group count: 0, Pending placement groups count: 0}
GcsPubSub:
- num channels subscribed to: 0
- total commands queued: 0
DefaultTaskInfoHandler: {AddTask request count: 0, GetTask request count: 0, AddTaskLease request count: 0, GetTaskLease request count: 0, AttemptTaskReconstruction request count: 0}
